0 info it worked if it ends with ok
1 verbose cli [ 'c:\\Program Files\\nodejs\\node.exe',
1 verbose cli   'c:\\Program Files\\nodejs\\node_modules\\npm\\bin\\npm-cli.js',
1 verbose cli   'view' ]
2 info using npm@2.15.0
3 info using node@v4.4.2
4 verbose stack Error: Invalid package.json
4 verbose stack     at c:\Program Files\nodejs\node_modules\npm\lib\view.js:77:30
4 verbose stack     at ReadFileContext.<anonymous> (c:\Program Files\nodejs\node_modules\npm\node_modules\read-package-json\read-json.js:79:21)
4 verbose stack     at ReadFileContext.callback (c:\Program Files\nodejs\node_modules\npm\node_modules\graceful-fs\graceful-fs.js:78:16)
4 verbose stack     at FSReqWrap.readFileAfterOpen [as oncomplete] (fs.js:303:13)
5 verbose cwd g:\gitSpace\nodeSpace\nodejs\http
6 error Windows_NT 6.1.7601
7 error argv "c:\\Program Files\\nodejs\\node.exe" "c:\\Program Files\\nodejs\\node_modules\\npm\\bin\\npm-cli.js" "view"
8 error node v4.4.2
9 error npm  v2.15.0
10 error Invalid package.json
11 error If you need help, you may report this error at:
11 error     <https://github.com/npm/npm/issues>
12 verbose exit [ 1, true ]
